<?xml version="1.0" encoding="UTF-8"?>
<testsuite name="org.crudcrud.Test" tests="2" skipped="0" failures="0" errors="0" timestamp="2024-12-21T12:44:03" hostname="LAPTOP-373JRMLD" time="3.976">
  <properties/>
  <testcase name="userShouldBeAbleCreateStudent()" classname="org.crudcrud.Test" time="2.666"/>
  <testcase name="userShoudBeAbleDeleteExistingStudent()" classname="org.crudcrud.Test" time="1.309"/>
  <system-out><![CDATA[Request method:	POST
Request URI:	https://crudcrud.com/api/239cc93637694d9f96d5ce3074ecb2d5/student
Proxy:			<none>
Request params:	<none>
Query params:	<none>
Form params:	<none>
Path params:	<none>
Headers:		Accept=*/*
				Content-Type=application/json
Cookies:		<none>
Multiparts:		<none>
Body:
{
    "name": "Timur",
    "grade": 2
}
Request method:	POST
Request URI:	https://crudcrud.com/api/239cc93637694d9f96d5ce3074ecb2d5/student
Proxy:			<none>
Request params:	<none>
Query params:	<none>
Form params:	<none>
Path params:	<none>
Headers:		Accept=*/*
				Content-Type=application/json
Cookies:		<none>
Multiparts:		<none>
Body:
{
    "name": "Timur",
    "grade": 2
}
HTTP/1.1 201 Created
Server: nginx/1.14.2
Date: Sat, 21 Dec 2024 12:44:05 GMT
Content-Type: application/json; charset=utf-8
Transfer-Encoding: chunked
Connection: keep-alive
Location: /api/239cc93637694d9f96d5ce3074ecb2d5/student/6766b8156297b503e8bd90bd
Access-Control-Allow-Origin: *
Access-Control-Allow-Methods: GET, POST, PUT, DELETE, OPTIONS
Access-Control-Allow-Headers: DNT,User-Agent,X-Requested-With,If-Modified-Since,Cache-Control,Content-Type,Range
Access-Control-Expose-Headers: Content-Length,Content-Range

{
    "name": "Timur",
    "grade": 2,
    "_id": "6766b8156297b503e8bd90bd"
}
HTTP/1.1 201 Created
Server: nginx/1.14.2
Date: Sat, 21 Dec 2024 12:44:05 GMT
Content-Type: application/json; charset=utf-8
Transfer-Encoding: chunked
Connection: keep-alive
Location: /api/239cc93637694d9f96d5ce3074ecb2d5/student/6766b8156297b503e8bd90bd
Access-Control-Allow-Origin: *
Access-Control-Allow-Methods: GET, POST, PUT, DELETE, OPTIONS
Access-Control-Allow-Headers: DNT,User-Agent,X-Requested-With,If-Modified-Since,Cache-Control,Content-Type,Range
Access-Control-Expose-Headers: Content-Length,Content-Range

{
    "name": "Timur",
    "grade": 2,
    "_id": "6766b8156297b503e8bd90bd"
}
Request method:	POST
Request URI:	https://crudcrud.com/api/239cc93637694d9f96d5ce3074ecb2d5/student
Proxy:			<none>
Request params:	<none>
Query params:	<none>
Form params:	<none>
Path params:	<none>
Headers:		Accept=*/*
				Content-Type=application/json
Cookies:		<none>
Multiparts:		<none>
Body:
{
    "name": "Timur",
    "grade": 2
}
Request method:	POST
Request URI:	https://crudcrud.com/api/239cc93637694d9f96d5ce3074ecb2d5/student
Proxy:			<none>
Request params:	<none>
Query params:	<none>
Form params:	<none>
Path params:	<none>
Headers:		Accept=*/*
				Content-Type=application/json
Cookies:		<none>
Multiparts:		<none>
Body:
{
    "name": "Timur",
    "grade": 2
}
Request method:	POST
Request URI:	https://crudcrud.com/api/239cc93637694d9f96d5ce3074ecb2d5/student
Proxy:			<none>
Request params:	<none>
Query params:	<none>
Form params:	<none>
Path params:	<none>
Headers:		Accept=*/*
				Content-Type=application/json
Cookies:		<none>
Multiparts:		<none>
Body:
{
    "name": "Timur",
    "grade": 2
}
HTTP/1.1 201 Created
Server: nginx/1.14.2
Date: Sat, 21 Dec 2024 12:44:06 GMT
Content-Type: application/json; charset=utf-8
Transfer-Encoding: chunked
Connection: keep-alive
Location: /api/239cc93637694d9f96d5ce3074ecb2d5/student/6766b8166297b503e8bd90be
Access-Control-Allow-Origin: *
Access-Control-Allow-Methods: GET, POST, PUT, DELETE, OPTIONS
Access-Control-Allow-Headers: DNT,User-Agent,X-Requested-With,If-Modified-Since,Cache-Control,Content-Type,Range
Access-Control-Expose-Headers: Content-Length,Content-Range

{
    "name": "Timur",
    "grade": 2,
    "_id": "6766b8166297b503e8bd90be"
}
HTTP/1.1 201 Created
Server: nginx/1.14.2
Date: Sat, 21 Dec 2024 12:44:06 GMT
Content-Type: application/json; charset=utf-8
Transfer-Encoding: chunked
Connection: keep-alive
Location: /api/239cc93637694d9f96d5ce3074ecb2d5/student/6766b8166297b503e8bd90be
Access-Control-Allow-Origin: *
Access-Control-Allow-Methods: GET, POST, PUT, DELETE, OPTIONS
Access-Control-Allow-Headers: DNT,User-Agent,X-Requested-With,If-Modified-Since,Cache-Control,Content-Type,Range
Access-Control-Expose-Headers: Content-Length,Content-Range

{
    "name": "Timur",
    "grade": 2,
    "_id": "6766b8166297b503e8bd90be"
}
HTTP/1.1 201 Created
Server: nginx/1.14.2
Date: Sat, 21 Dec 2024 12:44:06 GMT
Content-Type: application/json; charset=utf-8
Transfer-Encoding: chunked
Connection: keep-alive
Location: /api/239cc93637694d9f96d5ce3074ecb2d5/student/6766b8166297b503e8bd90be
Access-Control-Allow-Origin: *
Access-Control-Allow-Methods: GET, POST, PUT, DELETE, OPTIONS
Access-Control-Allow-Headers: DNT,User-Agent,X-Requested-With,If-Modified-Since,Cache-Control,Content-Type,Range
Access-Control-Expose-Headers: Content-Length,Content-Range

{
    "name": "Timur",
    "grade": 2,
    "_id": "6766b8166297b503e8bd90be"
}
Request method:	GET
Request URI:	https://crudcrud.com/api/239cc93637694d9f96d5ce3074ecb2d5/student/6766b8166297b503e8bd90be
Proxy:			<none>
Request params:	<none>
Query params:	<none>
Form params:	<none>
Path params:	<none>
Headers:		Accept=*/*
Cookies:		<none>
Multiparts:		<none>
Body:			<none>
Request method:	GET
Request URI:	https://crudcrud.com/api/239cc93637694d9f96d5ce3074ecb2d5/student/6766b8166297b503e8bd90be
Proxy:			<none>
Request params:	<none>
Query params:	<none>
Form params:	<none>
Path params:	<none>
Headers:		Accept=*/*
Cookies:		<none>
Multiparts:		<none>
Body:			<none>
Request method:	GET
Request URI:	https://crudcrud.com/api/239cc93637694d9f96d5ce3074ecb2d5/student/6766b8166297b503e8bd90be
Proxy:			<none>
Request params:	<none>
Query params:	<none>
Form params:	<none>
Path params:	<none>
Headers:		Accept=*/*
Cookies:		<none>
Multiparts:		<none>
Body:			<none>
HTTP/1.1 200 OK
Server: nginx/1.14.2
Date: Sat, 21 Dec 2024 12:44:07 GMT
Content-Type: application/json; charset=utf-8
Transfer-Encoding: chunked
Connection: keep-alive
Access-Control-Allow-Origin: *
Access-Control-Allow-Methods: GET, POST, PUT, DELETE, OPTIONS
Access-Control-Allow-Headers: DNT,User-Agent,X-Requested-With,If-Modified-Since,Cache-Control,Content-Type,Range
Access-Control-Expose-Headers: Content-Length,Content-Range

{
    "_id": "6766b8166297b503e8bd90be",
    "name": "Timur",
    "grade": 2
}
HTTP/1.1 200 OK
Server: nginx/1.14.2
Date: Sat, 21 Dec 2024 12:44:07 GMT
Content-Type: application/json; charset=utf-8
Transfer-Encoding: chunked
Connection: keep-alive
Access-Control-Allow-Origin: *
Access-Control-Allow-Methods: GET, POST, PUT, DELETE, OPTIONS
Access-Control-Allow-Headers: DNT,User-Agent,X-Requested-With,If-Modified-Since,Cache-Control,Content-Type,Range
Access-Control-Expose-Headers: Content-Length,Content-Range

{
    "_id": "6766b8166297b503e8bd90be",
    "name": "Timur",
    "grade": 2
}
HTTP/1.1 200 OK
Server: nginx/1.14.2
Date: Sat, 21 Dec 2024 12:44:07 GMT
Content-Type: application/json; charset=utf-8
Transfer-Encoding: chunked
Connection: keep-alive
Access-Control-Allow-Origin: *
Access-Control-Allow-Methods: GET, POST, PUT, DELETE, OPTIONS
Access-Control-Allow-Headers: DNT,User-Agent,X-Requested-With,If-Modified-Since,Cache-Control,Content-Type,Range
Access-Control-Expose-Headers: Content-Length,Content-Range

{
    "_id": "6766b8166297b503e8bd90be",
    "name": "Timur",
    "grade": 2
}
Request method:	DELETE
Request URI:	https://crudcrud.com/api/239cc93637694d9f96d5ce3074ecb2d5/student/6766b8166297b503e8bd90be
Proxy:			<none>
Request params:	<none>
Query params:	<none>
Form params:	<none>
Path params:	<none>
Headers:		Accept=*/*
Cookies:		<none>
Multiparts:		<none>
Body:			<none>
Request method:	DELETE
Request URI:	https://crudcrud.com/api/239cc93637694d9f96d5ce3074ecb2d5/student/6766b8166297b503e8bd90be
Proxy:			<none>
Request params:	<none>
Query params:	<none>
Form params:	<none>
Path params:	<none>
Headers:		Accept=*/*
Cookies:		<none>
Multiparts:		<none>
Body:			<none>
Request method:	DELETE
Request URI:	https://crudcrud.com/api/239cc93637694d9f96d5ce3074ecb2d5/student/6766b8166297b503e8bd90be
Proxy:			<none>
Request params:	<none>
Query params:	<none>
Form params:	<none>
Path params:	<none>
Headers:		Accept=*/*
Cookies:		<none>
Multiparts:		<none>
Body:			<none>
HTTP/1.1 200 OK
Server: nginx/1.14.2
Date: Sat, 21 Dec 2024 12:44:07 GMT
Content-Length: 0
Connection: keep-alive
Access-Control-Allow-Origin: *
Access-Control-Allow-Methods: GET, POST, PUT, DELETE, OPTIONS
Access-Control-Allow-Headers: DNT,User-Agent,X-Requested-With,If-Modified-Since,Cache-Control,Content-Type,Range
Access-Control-Expose-Headers: Content-Length,Content-Range
HTTP/1.1 200 OK
Server: nginx/1.14.2
Date: Sat, 21 Dec 2024 12:44:07 GMT
Content-Length: 0
Connection: keep-alive
Access-Control-Allow-Origin: *
Access-Control-Allow-Methods: GET, POST, PUT, DELETE, OPTIONS
Access-Control-Allow-Headers: DNT,User-Agent,X-Requested-With,If-Modified-Since,Cache-Control,Content-Type,Range
Access-Control-Expose-Headers: Content-Length,Content-Range
HTTP/1.1 200 OK
Server: nginx/1.14.2
Date: Sat, 21 Dec 2024 12:44:07 GMT
Content-Length: 0
Connection: keep-alive
Access-Control-Allow-Origin: *
Access-Control-Allow-Methods: GET, POST, PUT, DELETE, OPTIONS
Access-Control-Allow-Headers: DNT,User-Agent,X-Requested-With,If-Modified-Since,Cache-Control,Content-Type,Range
Access-Control-Expose-Headers: Content-Length,Content-Range
Request method:	GET
Request URI:	https://crudcrud.com/api/239cc93637694d9f96d5ce3074ecb2d5/student/6766b8166297b503e8bd90be
Proxy:			<none>
Request params:	<none>
Query params:	<none>
Form params:	<none>
Path params:	<none>
Headers:		Accept=*/*
Cookies:		<none>
Multiparts:		<none>
Body:			<none>
Request method:	GET
Request URI:	https://crudcrud.com/api/239cc93637694d9f96d5ce3074ecb2d5/student/6766b8166297b503e8bd90be
Proxy:			<none>
Request params:	<none>
Query params:	<none>
Form params:	<none>
Path params:	<none>
Headers:		Accept=*/*
Cookies:		<none>
Multiparts:		<none>
Body:			<none>
Request method:	GET
Request URI:	https://crudcrud.com/api/239cc93637694d9f96d5ce3074ecb2d5/student/6766b8166297b503e8bd90be
Proxy:			<none>
Request params:	<none>
Query params:	<none>
Form params:	<none>
Path params:	<none>
Headers:		Accept=*/*
Cookies:		<none>
Multiparts:		<none>
Body:			<none>
HTTP/1.1 404 Not Found
Server: nginx/1.14.2
Date: Sat, 21 Dec 2024 12:44:07 GMT
Content-Type: application/problem+json; charset=utf-8
Transfer-Encoding: chunked
Connection: keep-alive

{
    "type": "https://tools.ietf.org/html/rfc7231#section-6.5.4",
    "title": "Not Found",
    "status": 404,
    "traceId": "0HN8ODOPQQAEK:00000001"
}
HTTP/1.1 404 Not Found
Server: nginx/1.14.2
Date: Sat, 21 Dec 2024 12:44:07 GMT
Content-Type: application/problem+json; charset=utf-8
Transfer-Encoding: chunked
Connection: keep-alive

{
    "type": "https://tools.ietf.org/html/rfc7231#section-6.5.4",
    "title": "Not Found",
    "status": 404,
    "traceId": "0HN8ODOPQQAEK:00000001"
}
HTTP/1.1 404 Not Found
Server: nginx/1.14.2
Date: Sat, 21 Dec 2024 12:44:07 GMT
Content-Type: application/problem+json; charset=utf-8
Transfer-Encoding: chunked
Connection: keep-alive

{
    "type": "https://tools.ietf.org/html/rfc7231#section-6.5.4",
    "title": "Not Found",
    "status": 404,
    "traceId": "0HN8ODOPQQAEK:00000001"
}
]]></system-out>
  <system-err><![CDATA[]]></system-err>
</testsuite>
